mode: set
github.com/rkosegi/routeros2rest-bridge/pkg/server/data_ops.go:30.133,37.38 3 0
github.com/rkosegi/routeros2rest-bridge/pkg/server/data_ops.go:37.38,40.3 2 0
github.com/rkosegi/routeros2rest-bridge/pkg/server/data_ops.go:41.2,41.40 1 0
github.com/rkosegi/routeros2rest-bridge/pkg/server/data_ops.go:41.40,44.3 2 0
github.com/rkosegi/routeros2rest-bridge/pkg/server/data_ops.go:45.2,45.32 1 0
github.com/rkosegi/routeros2rest-bridge/pkg/server/data_ops.go:48.144,50.131 2 0
github.com/rkosegi/routeros2rest-bridge/pkg/server/data_ops.go:50.131,52.3 1 0
github.com/rkosegi/routeros2rest-bridge/pkg/server/data_ops.go:55.124,56.91 1 0
github.com/rkosegi/routeros2rest-bridge/pkg/server/data_ops.go:56.91,57.22 1 0
github.com/rkosegi/routeros2rest-bridge/pkg/server/data_ops.go:57.22,59.4 1 0
github.com/rkosegi/routeros2rest-bridge/pkg/server/data_ops.go:59.9,61.4 1 0
github.com/rkosegi/routeros2rest-bridge/pkg/server/data_ops.go:62.17,64.3 1 0
github.com/rkosegi/routeros2rest-bridge/pkg/server/data_ops.go:67.99,69.44 2 0
github.com/rkosegi/routeros2rest-bridge/pkg/server/data_ops.go:69.44,72.3 2 0
github.com/rkosegi/routeros2rest-bridge/pkg/server/data_ops.go:72.8,75.3 2 0
github.com/rkosegi/routeros2rest-bridge/pkg/server/data_ops.go:76.2,76.12 1 0
github.com/rkosegi/routeros2rest-bridge/pkg/server/data_ops.go:79.48,80.101 1 0
github.com/rkosegi/routeros2rest-bridge/pkg/server/data_ops.go:80.101,81.64 1 0
github.com/rkosegi/routeros2rest-bridge/pkg/server/data_ops.go:81.64,82.101 1 0
github.com/rkosegi/routeros2rest-bridge/pkg/server/data_ops.go:82.101,83.83 1 0
github.com/rkosegi/routeros2rest-bridge/pkg/server/data_ops.go:83.83,85.6 1 0
github.com/rkosegi/routeros2rest-bridge/pkg/server/data_ops.go:87.18,90.4 2 0
github.com/rkosegi/routeros2rest-bridge/pkg/server/data_ops.go:94.46,95.112 1 0
github.com/rkosegi/routeros2rest-bridge/pkg/server/data_ops.go:95.112,96.64 1 0
github.com/rkosegi/routeros2rest-bridge/pkg/server/data_ops.go:96.64,99.4 2 0
github.com/rkosegi/routeros2rest-bridge/pkg/server/data_ops.go:99.18,102.4 2 0
github.com/rkosegi/routeros2rest-bridge/pkg/server/data_ops.go:106.45,107.101 1 0
github.com/rkosegi/routeros2rest-bridge/pkg/server/data_ops.go:107.101,108.21 1 0
github.com/rkosegi/routeros2rest-bridge/pkg/server/data_ops.go:108.21,111.4 2 0
github.com/rkosegi/routeros2rest-bridge/pkg/server/data_ops.go:112.3,116.96 2 0
github.com/rkosegi/routeros2rest-bridge/pkg/server/data_ops.go:116.96,119.4 2 0
github.com/rkosegi/routeros2rest-bridge/pkg/server/data_ops.go:120.3,120.63 1 0
github.com/rkosegi/routeros2rest-bridge/pkg/server/data_ops.go:120.63,121.60 1 0
github.com/rkosegi/routeros2rest-bridge/pkg/server/data_ops.go:121.60,123.5 1 0
github.com/rkosegi/routeros2rest-bridge/pkg/server/data_ops.go:124.18,126.4 1 0
github.com/rkosegi/routeros2rest-bridge/pkg/server/data_ops.go:130.49,131.112 1 0
github.com/rkosegi/routeros2rest-bridge/pkg/server/data_ops.go:131.112,132.21 1 0
github.com/rkosegi/routeros2rest-bridge/pkg/server/data_ops.go:132.21,135.4 2 0
github.com/rkosegi/routeros2rest-bridge/pkg/server/data_ops.go:136.3,136.64 1 0
github.com/rkosegi/routeros2rest-bridge/pkg/server/data_ops.go:136.64,137.97 1 0
github.com/rkosegi/routeros2rest-bridge/pkg/server/data_ops.go:137.97,138.32 1 0
github.com/rkosegi/routeros2rest-bridge/pkg/server/data_ops.go:138.32,140.6 1 0
github.com/rkosegi/routeros2rest-bridge/pkg/server/data_ops.go:140.11,142.6 1 0
github.com/rkosegi/routeros2rest-bridge/pkg/server/data_ops.go:144.18,147.4 2 0
github.com/rkosegi/routeros2rest-bridge/pkg/server/data_ops.go:151.48,152.112 1 0
github.com/rkosegi/routeros2rest-bridge/pkg/server/data_ops.go:152.112,153.21 1 0
github.com/rkosegi/routeros2rest-bridge/pkg/server/data_ops.go:153.21,156.4 2 0
github.com/rkosegi/routeros2rest-bridge/pkg/server/data_ops.go:157.3,161.91 2 0
github.com/rkosegi/routeros2rest-bridge/pkg/server/data_ops.go:161.91,164.4 2 0
github.com/rkosegi/routeros2rest-bridge/pkg/server/data_ops.go:165.3,165.63 1 0
github.com/rkosegi/routeros2rest-bridge/pkg/server/data_ops.go:165.63,166.60 1 0
github.com/rkosegi/routeros2rest-bridge/pkg/server/data_ops.go:166.60,168.5 1 0
github.com/rkosegi/routeros2rest-bridge/pkg/server/data_ops.go:169.18,171.4 1 0
github.com/rkosegi/routeros2rest-bridge/pkg/server/misc.go:48.53,50.2 1 0
github.com/rkosegi/routeros2rest-bridge/pkg/server/misc.go:52.75,56.16 4 0
github.com/rkosegi/routeros2rest-bridge/pkg/server/misc.go:56.16,59.3 2 0
github.com/rkosegi/routeros2rest-bridge/pkg/server/misc.go:62.64,63.46 1 0
github.com/rkosegi/routeros2rest-bridge/pkg/server/misc.go:63.46,64.72 1 0
github.com/rkosegi/routeros2rest-bridge/pkg/server/misc.go:64.72,67.4 2 0
github.com/rkosegi/routeros2rest-bridge/pkg/server/misc.go:71.73,81.16 5 0
github.com/rkosegi/routeros2rest-bridge/pkg/server/misc.go:81.16,83.3 1 0
github.com/rkosegi/routeros2rest-bridge/pkg/server/misc.go:84.2,84.20 1 0
github.com/rkosegi/routeros2rest-bridge/pkg/server/misc.go:84.20,85.17 1 0
github.com/rkosegi/routeros2rest-bridge/pkg/server/misc.go:85.17,87.4 1 0
github.com/rkosegi/routeros2rest-bridge/pkg/server/misc.go:88.3,88.71 1 0
github.com/rkosegi/routeros2rest-bridge/pkg/server/misc.go:89.8,90.17 1 0
github.com/rkosegi/routeros2rest-bridge/pkg/server/misc.go:90.17,92.4 1 0
github.com/rkosegi/routeros2rest-bridge/pkg/server/misc.go:93.3,93.42 1 0
github.com/rkosegi/routeros2rest-bridge/pkg/server/misc.go:93.42,96.61 3 0
github.com/rkosegi/routeros2rest-bridge/pkg/server/misc.go:96.61,98.5 1 0
github.com/rkosegi/routeros2rest-bridge/pkg/server/misc.go:99.4,99.56 1 0
github.com/rkosegi/routeros2rest-bridge/pkg/server/misc.go:99.56,101.5 1 0
github.com/rkosegi/routeros2rest-bridge/pkg/server/misc.go:103.3,108.5 1 0
github.com/rkosegi/routeros2rest-bridge/pkg/server/misc.go:113.90,120.16 3 0
github.com/rkosegi/routeros2rest-bridge/pkg/server/misc.go:120.16,122.3 1 0
github.com/rkosegi/routeros2rest-bridge/pkg/server/misc.go:123.2,124.28 2 0
github.com/rkosegi/routeros2rest-bridge/pkg/server/misc.go:124.28,126.3 1 0
github.com/rkosegi/routeros2rest-bridge/pkg/server/misc.go:128.2,128.52 1 0
github.com/rkosegi/routeros2rest-bridge/pkg/server/misc.go:128.52,130.3 1 0
github.com/rkosegi/routeros2rest-bridge/pkg/server/misc.go:131.2,131.60 1 0
github.com/rkosegi/routeros2rest-bridge/pkg/server/misc.go:131.60,133.3 1 0
github.com/rkosegi/routeros2rest-bridge/pkg/server/misc.go:134.2,134.15 1 0
github.com/rkosegi/routeros2rest-bridge/pkg/server/misc.go:134.15,137.3 2 0
github.com/rkosegi/routeros2rest-bridge/pkg/server/misc.go:138.2,138.15 1 0
github.com/rkosegi/routeros2rest-bridge/pkg/server/misc.go:143.77,145.62 2 0
github.com/rkosegi/routeros2rest-bridge/pkg/server/misc.go:145.62,147.3 1 0
github.com/rkosegi/routeros2rest-bridge/pkg/server/misc.go:147.8,148.102 1 0
github.com/rkosegi/routeros2rest-bridge/pkg/server/misc.go:148.102,150.4 1 0
github.com/rkosegi/routeros2rest-bridge/pkg/server/misc.go:154.56,158.2 1 0
github.com/rkosegi/routeros2rest-bridge/pkg/server/rest_impl.go:25.69,27.2 1 0
github.com/rkosegi/routeros2rest-bridge/pkg/server/rest_impl.go:29.69,31.2 1 0
github.com/rkosegi/routeros2rest-bridge/pkg/server/rest_impl.go:33.100,35.2 1 0
github.com/rkosegi/routeros2rest-bridge/pkg/server/rest_impl.go:37.109,39.2 1 0
github.com/rkosegi/routeros2rest-bridge/pkg/server/rest_impl.go:41.101,43.2 1 0
github.com/rkosegi/routeros2rest-bridge/pkg/server/rest_impl.go:45.112,47.2 1 0
github.com/rkosegi/routeros2rest-bridge/pkg/server/rest_impl.go:49.111,51.2 1 0
github.com/rkosegi/routeros2rest-bridge/pkg/server/server.go:49.31,51.2 1 0
github.com/rkosegi/routeros2rest-bridge/pkg/server/server.go:53.76,54.54 1 0
github.com/rkosegi/routeros2rest-bridge/pkg/server/server.go:54.54,55.75 1 0
github.com/rkosegi/routeros2rest-bridge/pkg/server/server.go:55.75,58.4 2 0
github.com/rkosegi/routeros2rest-bridge/pkg/server/server.go:58.9,61.4 2 0
github.com/rkosegi/routeros2rest-bridge/pkg/server/server.go:65.24,67.102 2 0
github.com/rkosegi/routeros2rest-bridge/pkg/server/server.go:67.102,74.3 1 0
github.com/rkosegi/routeros2rest-bridge/pkg/server/server.go:75.2,100.3 3 0
github.com/rkosegi/routeros2rest-bridge/pkg/server/server.go:103.35,104.23 1 0
github.com/rkosegi/routeros2rest-bridge/pkg/server/server.go:104.23,106.3 1 0
github.com/rkosegi/routeros2rest-bridge/pkg/server/server.go:107.2,107.40 1 0
github.com/rkosegi/routeros2rest-bridge/pkg/server/server.go:107.40,112.3 1 0
github.com/rkosegi/routeros2rest-bridge/pkg/server/server.go:112.8,114.3 1 0
github.com/rkosegi/routeros2rest-bridge/pkg/server/server.go:119.42,120.23 1 0
github.com/rkosegi/routeros2rest-bridge/pkg/server/server.go:120.23,122.3 1 0
github.com/rkosegi/routeros2rest-bridge/pkg/server/server.go:125.52,127.27 2 0
github.com/rkosegi/routeros2rest-bridge/pkg/server/server.go:127.27,129.3 1 0
github.com/rkosegi/routeros2rest-bridge/pkg/server/server.go:130.2,130.10 1 0
github.com/rkosegi/routeros2rest-bridge/pkg/types/types.go:74.36,77.63 2 1
github.com/rkosegi/routeros2rest-bridge/pkg/types/types.go:77.63,79.3 1 0
github.com/rkosegi/routeros2rest-bridge/pkg/types/types.go:80.2,80.25 1 1
github.com/rkosegi/routeros2rest-bridge/pkg/types/types.go:80.25,82.3 1 1
github.com/rkosegi/routeros2rest-bridge/pkg/types/types.go:83.2,83.37 1 1
github.com/rkosegi/routeros2rest-bridge/pkg/types/types.go:83.37,85.27 2 1
github.com/rkosegi/routeros2rest-bridge/pkg/types/types.go:85.27,87.4 1 0
github.com/rkosegi/routeros2rest-bridge/pkg/types/types.go:88.3,88.53 1 1
github.com/rkosegi/routeros2rest-bridge/pkg/types/types.go:88.53,90.4 1 0
github.com/rkosegi/routeros2rest-bridge/pkg/types/types.go:92.2,92.25 1 1
github.com/rkosegi/routeros2rest-bridge/pkg/types/types.go:92.25,94.3 1 0
github.com/rkosegi/routeros2rest-bridge/pkg/types/types.go:95.2,95.38 1 1
github.com/rkosegi/routeros2rest-bridge/pkg/types/types.go:95.38,97.32 2 1
github.com/rkosegi/routeros2rest-bridge/pkg/types/types.go:97.32,99.4 1 0
github.com/rkosegi/routeros2rest-bridge/pkg/types/types.go:100.3,100.32 1 1
github.com/rkosegi/routeros2rest-bridge/pkg/types/types.go:100.32,102.4 1 0
github.com/rkosegi/routeros2rest-bridge/pkg/types/types.go:103.3,103.31 1 1
github.com/rkosegi/routeros2rest-bridge/pkg/types/types.go:103.31,105.4 1 0
github.com/rkosegi/routeros2rest-bridge/pkg/types/types.go:106.3,106.55 1 1
github.com/rkosegi/routeros2rest-bridge/pkg/types/types.go:106.55,108.4 1 0
github.com/rkosegi/routeros2rest-bridge/pkg/types/types.go:110.2,110.12 1 1
